platforms/android/app/build/intermediates/manifest_merge_blame_file/debug/manifest-merger-blame-debug-report.txt
1<?xml version="1.0" encoding="utf-8"?>
2<manifest xmlns:android="http://schemas.android.com/apk/res/android"
3    package="org.nativescript.ProjektVI"
4    android:versionCode="1"
5    android:versionName="1.0.0" >
6
7    <uses-sdk
8        android:minSdkVersion="17"
8-->src/main/AndroidManifest.xml
9        android:targetSdkVersion="33" />
9-->src/main/AndroidManifest.xml
10
11    <supports-screens
11-->src/main/AndroidManifest.xml:5:2-9:33
12        android:largeScreens="true"
12-->src/main/AndroidManifest.xml:8:3-30
13        android:normalScreens="true"
13-->src/main/AndroidManifest.xml:7:3-31
14        android:smallScreens="true"
14-->src/main/AndroidManifest.xml:6:3-30
15        android:xlargeScreens="true" />
15-->src/main/AndroidManifest.xml:9:3-31
16
17    <uses-permission android:name="android.permission.READ_EXTERNAL_STORAGE" />
17-->src/main/AndroidManifest.xml:11:2-76
17-->src/main/AndroidManifest.xml:11:19-74
18    <uses-permission android:name="android.permission.WRITE_EXTERNAL_STORAGE" />
18-->src/main/AndroidManifest.xml:12:2-77
18-->src/main/AndroidManifest.xml:12:19-75
19    <uses-permission android:name="android.permission.INTERNET" />
19-->src/main/AndroidManifest.xml:13:2-63
19-->src/main/AndroidManifest.xml:13:19-61
20    <uses-permission android:name="android.permission.ACCESS_NETWORK_STATE" />
20-->src/main/AndroidManifest.xml:14:2-75
20-->src/main/AndroidManifest.xml:14:19-73
21
22    <application
22-->src/main/AndroidManifest.xml:16:2-41:16
23        android:name="com.tns.NativeScriptApplication"
23-->src/main/AndroidManifest.xml:17:3-49
24        android:allowBackup="true"
24-->src/main/AndroidManifest.xml:18:3-29
25        android:appComponentFactory="androidx.core.app.CoreComponentFactory"
25-->[androidx.core:core:1.8.0] AndroidManifest.xml:24:18-86
26        android:debuggable="true"
27        android:hardwareAccelerated="true"
27-->src/main/AndroidManifest.xml:22:3-37
28        android:icon="@mipmap/ic_launcher"
28-->src/main/AndroidManifest.xml:19:3-37
29        android:label="@string/app_name"
29-->src/main/AndroidManifest.xml:20:3-35
30        android:theme="@style/AppTheme" >
30-->src/main/AndroidManifest.xml:21:3-34
31        <activity
31-->src/main/AndroidManifest.xml:24:3-39:14
32            android:name="com.tns.NativeScriptActivity"
32-->src/main/AndroidManifest.xml:25:4-47
33            android:configChanges="keyboard|keyboardHidden|orientation|screenSize|smallestScreenSize|screenLayout|locale|uiMode"
33-->src/main/AndroidManifest.xml:27:4-120
34            android:exported="true"
34-->src/main/AndroidManifest.xml:31:4-27
35            android:hardwareAccelerated="true"
35-->src/main/AndroidManifest.xml:29:4-38
36            android:label="@string/title_activity_kimera"
36-->src/main/AndroidManifest.xml:26:4-49
37            android:launchMode="singleTask"
37-->src/main/AndroidManifest.xml:30:9-40
38            android:theme="@style/LaunchScreenTheme" >
38-->src/main/AndroidManifest.xml:28:4-44
39            <meta-data
39-->src/main/AndroidManifest.xml:33:4-87
40                android:name="SET_THEME_ON_LAUNCH"
40-->src/main/AndroidManifest.xml:33:15-49
41                android:resource="@style/AppTheme" />
41-->src/main/AndroidManifest.xml:33:50-84
42
43            <intent-filter>
43-->src/main/AndroidManifest.xml:35:4-38:20
44                <action android:name="android.intent.action.MAIN" />
44-->src/main/AndroidManifest.xml:36:5-57
44-->src/main/AndroidManifest.xml:36:13-54
45
46                <category android:name="android.intent.category.LAUNCHER" />
46-->src/main/AndroidManifest.xml:37:5-65
46-->src/main/AndroidManifest.xml:37:15-62
47            </intent-filter>
48        </activity>
49        <activity android:name="com.tns.ErrorReportActivity" />
49-->src/main/AndroidManifest.xml:40:3-57
49-->src/main/AndroidManifest.xml:40:13-55
50
51        <provider
51-->[androidx.emoji2:emoji2:1.2.0] AndroidManifest.xml:24:9-32:20
52            android:name="androidx.startup.InitializationProvider"
52-->[androidx.emoji2:emoji2:1.2.0] AndroidManifest.xml:25:13-67
53            android:authorities="org.nativescript.ProjektVI.androidx-startup"
53-->[androidx.emoji2:emoji2:1.2.0] AndroidManifest.xml:26:13-68
54            android:exported="false" >
54-->[androidx.emoji2:emoji2:1.2.0] AndroidManifest.xml:27:13-37
55            <meta-data
55-->[androidx.emoji2:emoji2:1.2.0] AndroidManifest.xml:29:13-31:52
56                android:name="androidx.emoji2.text.EmojiCompatInitializer"
56-->[androidx.emoji2:emoji2:1.2.0] AndroidManifest.xml:30:17-75
57                android:value="androidx.startup" />
57-->[androidx.emoji2:emoji2:1.2.0] AndroidManifest.xml:31:17-49
58            <meta-data
58-->[androidx.lifecycle:lifecycle-process:2.4.1] AndroidManifest.xml:31:13-33:52
59                android:name="androidx.lifecycle.ProcessLifecycleInitializer"
59-->[androidx.lifecycle:lifecycle-process:2.4.1] AndroidManifest.xml:32:17-78
60                android:value="androidx.startup" />
60-->[androidx.lifecycle:lifecycle-process:2.4.1] AndroidManifest.xml:33:17-49
61        </provider>
62    </application>
63
64</manifest>